Build started 2016/10/28 17:01:33.
     1>Project "E:\iaccepted\PRT\PRT\PRT.vcxproj" on node 2 (Build target(s)).
     1>ClCompile:
         D:\Program Files (x86)\vs2013\VC\bin\CL.exe /c /I"C:\Program Files (x86)\Visual Leak Detector\include" /I"D:\Program Files (x86)\opencv\build\include" /Zi /nologo /W3 /WX- /sdl /O2 /Oi /Oy- /GL /D _MBCS /Gm- /EHsc /MD /GS /Gy /fp:precise /Zc:wchar_t /Zc:forScope /Fo"Release\\" /Fd"Release\vc120.pdb" /Gd /TP /analyze- /errorReport:prompt AABB.cpp Light.cpp Object.cpp ProgramManager.cpp PRTRenderer.cpp Ray.cpp Sampler.cpp Scene.cpp SHEval.cpp SHRotation.cpp
         AABB.cpp
     1>e:\iaccepted\prt\prt\Global.h(7): fatal error C1083: Cannot open include file: 'glm/glm.hpp': No such file or directory
         Light.cpp
     1>e:\iaccepted\prt\prt\Global.h(7): fatal error C1083: Cannot open include file: 'glm/glm.hpp': No such file or directory
         Object.cpp
     1>e:\iaccepted\prt\prt\Global.h(7): fatal error C1083: Cannot open include file: 'glm/glm.hpp': No such file or directory
         ProgramManager.cpp
     1>e:\iaccepted\prt\prt\Global.h(7): fatal error C1083: Cannot open include file: 'glm/glm.hpp': No such file or directory
         PRTRenderer.cpp
     1>e:\iaccepted\prt\prt\Global.h(7): fatal error C1083: Cannot open include file: 'glm/glm.hpp': No such file or directory
         Ray.cpp
     1>e:\iaccepted\prt\prt\Global.h(7): fatal error C1083: Cannot open include file: 'glm/glm.hpp': No such file or directory
         Sampler.cpp
     1>e:\iaccepted\prt\prt\Global.h(7): fatal error C1083: Cannot open include file: 'glm/glm.hpp': No such file or directory
         Scene.cpp
     1>e:\iaccepted\prt\prt\global.h(7): fatal error C1083: Cannot open include file: 'glm/glm.hpp': No such file or directory
         SHEval.cpp
         SHRotation.cpp
     1>e:\iaccepted\prt\prt\Global.h(7): fatal error C1083: Cannot open include file: 'glm/glm.hpp': No such file or directory
     1>Done Building Project "E:\iaccepted\PRT\PRT\PRT.vcxproj" (Build target(s)) -- FAILED.

Build FAILED.

Time Elapsed 00:00:01.56
